{"level":"info","message":"> App running on port 3001","timestamp":"2019-07-17T03:07:31.650Z"}
{"level":"info","message":"> App running on port 3001","timestamp":"2019-07-17T03:07:40.239Z"}
{"level":"info","message":"> App running on port 3001","timestamp":"2019-07-17T03:07:50.944Z"}
{"level":"info","message":"> App running on port 3001","timestamp":"2019-07-17T03:07:54.149Z"}
{"level":"info","message":"> App running on port 3001","timestamp":"2019-07-17T03:07:57.453Z"}
{"level":"info","message":"> App running on port 3001","timestamp":"2019-07-17T03:08:05.616Z"}
{"level":"info","message":"> App running on port 3001","timestamp":"2019-07-17T03:08:07.029Z"}
{"level":"info","message":"> App running on port 3001","timestamp":"2019-07-17T03:09:06.467Z"}
{"level":"info","message":"> App running on port 3001","timestamp":"2019-07-17T03:09:15.879Z"}
{"level":"info","message":"> App running on port 3001","timestamp":"2019-07-17T03:09:21.975Z"}
{"level":"info","message":"> App running on port 3001","timestamp":"2019-07-17T03:09:27.093Z"}
{"level":"info","message":"> App running on port 3001","timestamp":"2019-07-17T03:09:32.725Z"}
{"level":"info","message":"> App running on port 3001","timestamp":"2019-07-17T03:09:34.259Z"}
{"level":"info","message":"> App running on port 3001","timestamp":"2019-07-17T03:33:17.437Z"}
{"level":"info","message":"> App running on port 3001","timestamp":"2019-07-17T03:34:05.643Z"}
{"level":"info","message":"> App running on port 3001","timestamp":"2019-07-17T03:34:07.212Z"}
{"level":"info","message":"> App running on port 3001","timestamp":"2019-07-17T03:34:44.213Z"}
{"level":"info","message":"> App running on port 3001","timestamp":"2019-07-17T03:34:51.687Z"}
{"level":"info","message":"> App running on port 3001","timestamp":"2019-07-17T03:35:11.488Z"}
{"level":"info","message":"> App running on port 3001","timestamp":"2019-07-17T03:35:14.110Z"}
{"level":"info","message":"> App running on port 3001","timestamp":"2019-07-17T03:35:15.742Z"}
{"level":"info","message":"> App running on port 3001","timestamp":"2019-07-17T03:35:19.674Z"}
{"level":"info","message":"> App running on port 3001","timestamp":"2019-07-17T03:35:22.508Z"}
{"level":"info","message":"> App running on port 3001","timestamp":"2019-07-17T03:35:26.421Z"}
{"level":"info","message":"> App running on port 3001","timestamp":"2019-07-17T03:37:31.218Z"}
{"level":"info","message":"> App running on port 3001","timestamp":"2019-07-17T03:37:33.770Z"}
{"level":"info","message":"> App running on port 3001","timestamp":"2019-07-17T03:37:35.049Z"}
{"level":"info","message":"> App running on port 3001","timestamp":"2019-07-17T03:37:39.193Z"}
{"level":"info","message":"> App running on port 3001","timestamp":"2019-07-17T03:37:40.725Z"}
{"level":"info","message":"Connected to mongodb://127.0.0.1...","timestamp":"2019-07-17T03:37:40.779Z"}
{"level":"info","message":"> App running on port 3001","timestamp":"2019-07-17T03:37:56.458Z"}
{"level":"info","message":"Connected to mongodb://127.0.0.1/...","timestamp":"2019-07-17T03:37:56.489Z"}
{"level":"info","message":"> App running on port 3001","timestamp":"2019-07-17T03:37:58.715Z"}
{"level":"info","message":"Connected to mongodb://127.0.0.1/blog...","timestamp":"2019-07-17T03:37:58.742Z"}
{"level":"info","message":"> App running on port 3001","timestamp":"2019-07-17T03:38:04.497Z"}
{"level":"info","message":"Connected to mongodb://127.0.0.1/blog...","timestamp":"2019-07-17T03:38:04.521Z"}
{"level":"info","message":"> App running on port 3001","timestamp":"2019-07-17T03:38:19.407Z"}
{"level":"info","message":"> Connected to mongodb://127.0.0.1/blog...","timestamp":"2019-07-17T03:38:19.435Z"}
